<?xml version="1.0" encoding="UTF-8"?>
<!-- Generated by org.testng.reporters.JUnitXMLReporter -->
<testsuite ignored="0" hostname="Rajesh" failures="8" tests="12" name="Default test" time="28.099" errors="0" timestamp="2023-08-15T20:25:42 EDT">
  <testcase classname="io.cucumber.testng.AbstractTestNGCucumberTests" name="runScenario" time="4.312">
    <failure type="java.lang.AssertionError" message="expected [New Account Created. You are logged in as plavwu1234] but found [password_mismatch:The two password fields didn’t match.]">
      <![CDATA[java.lang.AssertionError: expected [New Account Created. You are logged in as plavwu1234] but found [password_mismatch:The two password fields didn’t match.]
at org.testng.Assert.fail(Assert.java:111)
at org.testng.Assert.failNotEquals(Assert.java:1578)
at org.testng.Assert.assertEqualsImpl(Assert.java:150)
at org.testng.Assert.assertEquals(Assert.java:132)
at org.testng.Assert.assertEquals(Assert.java:656)
at org.testng.Assert.assertEquals(Assert.java:666)
at StepDefinitions.Register_page.user_is_successfully_registered(Register_page.java:49)
at ✽.User is successfully registered(file:///C:/Manju/SDET/ElearningProject/src/test/resources/features/Register.feature:34)
]]>
    </failure>
  </testcase> <!-- runScenario -->
  <testcase classname="io.cucumber.testng.AbstractTestNGCucumberTests" name="runScenario" time="1.909"/>
  <testcase classname="io.cucumber.testng.AbstractTestNGCucumberTests" name="runScenario" time="1.917"/>
  <testcase classname="io.cucumber.testng.AbstractTestNGCucumberTests" name="runScenario" time="1.824"/>
  <testcase classname="io.cucumber.testng.AbstractTestNGCucumberTests" name="runScenario" time="2.062">
    <failure type="java.lang.AssertionError" message="expected [Invalid User Name] but found [password_mismatch:The two password fields didn’t match.]">
      <![CDATA[java.lang.AssertionError: expected [Invalid User Name] but found [password_mismatch:The two password fields didn’t match.]
at org.testng.Assert.fail(Assert.java:111)
at org.testng.Assert.failNotEquals(Assert.java:1578)
at org.testng.Assert.assertEqualsImpl(Assert.java:150)
at org.testng.Assert.assertEquals(Assert.java:132)
at org.testng.Assert.assertEquals(Assert.java:656)
at org.testng.Assert.assertEquals(Assert.java:666)
at PageObjectfiles.RegisterPageObject.username_password_validation(RegisterPageObject.java:97)
at StepDefinitions.Register_page.user_fills_details(Register_page.java:71)
at ✽."tester","Password_1","Password_1" User is not able to register and alert "Invalid User Name" is displayed(file:///C:/Manju/SDET/ElearningProject/src/test/resources/features/Register.feature:41)
]]>
    </failure>
  </testcase> <!-- runScenario -->
  <testcase classname="io.cucumber.testng.AbstractTestNGCucumberTests" name="runScenario" time="2.242">
    <failure type="java.lang.AssertionError" message="expected [Invalid password] but found [password_mismatch:The two password fields didn’t match.]">
      <![CDATA[java.lang.AssertionError: expected [Invalid password] but found [password_mismatch:The two password fields didn’t match.]
at org.testng.Assert.fail(Assert.java:111)
at org.testng.Assert.failNotEquals(Assert.java:1578)
at org.testng.Assert.assertEqualsImpl(Assert.java:150)
at org.testng.Assert.assertEquals(Assert.java:132)
at org.testng.Assert.assertEquals(Assert.java:656)
at org.testng.Assert.assertEquals(Assert.java:666)
at PageObjectfiles.RegisterPageObject.username_password_validation(RegisterPageObject.java:97)
at StepDefinitions.Register_page.user_fills_details(Register_page.java:71)
at ✽."tester2","Password","Password" User is not able to register and alert "Invalid password" is displayed(file:///C:/Manju/SDET/ElearningProject/src/test/resources/features/Register.feature:41)
]]>
    </failure>
  </testcase> <!-- runScenario -->
  <testcase classname="io.cucumber.testng.AbstractTestNGCucumberTests" name="runScenario" time="1.98"/>
  <testcase classname="io.cucumber.testng.AbstractTestNGCucumberTests" name="runScenario" time="2.496">
    <failure type="java.lang.AssertionError" message="expected [User already registered] but found [password_mismatch:The two password fields didn’t match.]">
      <![CDATA[java.lang.AssertionError: expected [User already registered] but found [password_mismatch:The two password fields didn’t match.]
at org.testng.Assert.fail(Assert.java:111)
at org.testng.Assert.failNotEquals(Assert.java:1578)
at org.testng.Assert.assertEqualsImpl(Assert.java:150)
at org.testng.Assert.assertEquals(Assert.java:132)
at org.testng.Assert.assertEquals(Assert.java:656)
at org.testng.Assert.assertEquals(Assert.java:666)
at PageObjectfiles.RegisterPageObject.username_password_validation(RegisterPageObject.java:97)
at StepDefinitions.Register_page.user_fills_details(Register_page.java:71)
at ✽."nump1234","Password_1","Welcome1" User is not able to register and alert "User already registered" is displayed(file:///C:/Manju/SDET/ElearningProject/src/test/resources/features/Register.feature:41)
]]>
    </failure>
  </testcase> <!-- runScenario -->
  <testcase classname="io.cucumber.testng.AbstractTestNGCucumberTests" name="runScenario" time="2.238">
    <failure type="java.lang.AssertionError" message="expected [password should contain 8 characters] but found [password_mismatch:The two password fields didn’t match.]">
      <![CDATA[java.lang.AssertionError: expected [password should contain 8 characters] but found [password_mismatch:The two password fields didn’t match.]
at org.testng.Assert.fail(Assert.java:111)
at org.testng.Assert.failNotEquals(Assert.java:1578)
at org.testng.Assert.assertEqualsImpl(Assert.java:150)
at org.testng.Assert.assertEquals(Assert.java:132)
at org.testng.Assert.assertEquals(Assert.java:656)
at org.testng.Assert.assertEquals(Assert.java:666)
at PageObjectfiles.RegisterPageObject.username_password_validation(RegisterPageObject.java:97)
at StepDefinitions.Register_page.user_fills_details(Register_page.java:71)
at ✽."tester2","Pass","Pass" User is not able to register and alert "password should contain 8 characters" is displayed(file:///C:/Manju/SDET/ElearningProject/src/test/resources/features/Register.feature:41)
]]>
    </failure>
  </testcase> <!-- runScenario -->
  <testcase classname="io.cucumber.testng.AbstractTestNGCucumberTests" name="runScenario" time="2.118">
    <failure type="java.lang.AssertionError" message="expected [password cannot be only numbers] but found [password_mismatch:The two password fields didn’t match.]">
      <![CDATA[java.lang.AssertionError: expected [password cannot be only numbers] but found [password_mismatch:The two password fields didn’t match.]
at org.testng.Assert.fail(Assert.java:111)
at org.testng.Assert.failNotEquals(Assert.java:1578)
at org.testng.Assert.assertEqualsImpl(Assert.java:150)
at org.testng.Assert.assertEquals(Assert.java:132)
at org.testng.Assert.assertEquals(Assert.java:656)
at org.testng.Assert.assertEquals(Assert.java:666)
at PageObjectfiles.RegisterPageObject.username_password_validation(RegisterPageObject.java:97)
at StepDefinitions.Register_page.user_fills_details(Register_page.java:71)
at ✽."tester2","1234","1234" User is not able to register and alert "password cannot be only numbers" is displayed(file:///C:/Manju/SDET/ElearningProject/src/test/resources/features/Register.feature:41)
]]>
    </failure>
  </testcase> <!-- runScenario -->
  <testcase classname="io.cucumber.testng.AbstractTestNGCucumberTests" name="runScenario" time="2.248">
    <failure type="java.lang.AssertionError" message="expected [password cannot be same as user name] but found [password_mismatch:The two password fields didn’t match.]">
      <![CDATA[java.lang.AssertionError: expected [password cannot be same as user name] but found [password_mismatch:The two password fields didn’t match.]
at org.testng.Assert.fail(Assert.java:111)
at org.testng.Assert.failNotEquals(Assert.java:1578)
at org.testng.Assert.assertEqualsImpl(Assert.java:150)
at org.testng.Assert.assertEquals(Assert.java:132)
at org.testng.Assert.assertEquals(Assert.java:656)
at org.testng.Assert.assertEquals(Assert.java:666)
at PageObjectfiles.RegisterPageObject.username_password_validation(RegisterPageObject.java:97)
at StepDefinitions.Register_page.user_fills_details(Register_page.java:71)
at ✽."tester2","tester2","tester2" User is not able to register and alert "password cannot be same as user name" is displayed(file:///C:/Manju/SDET/ElearningProject/src/test/resources/features/Register.feature:41)
]]>
    </failure>
  </testcase> <!-- runScenario -->
  <testcase classname="io.cucumber.testng.AbstractTestNGCucumberTests" name="runScenario" time="1.931">
    <failure type="java.lang.AssertionError" message="expected [password cannot be a common password] but found [password_mismatch:The two password fields didn’t match.]">
      <![CDATA[java.lang.AssertionError: expected [password cannot be a common password] but found [password_mismatch:The two password fields didn’t match.]
at org.testng.Assert.fail(Assert.java:111)
at org.testng.Assert.failNotEquals(Assert.java:1578)
at org.testng.Assert.assertEqualsImpl(Assert.java:150)
at org.testng.Assert.assertEquals(Assert.java:132)
at org.testng.Assert.assertEquals(Assert.java:656)
at org.testng.Assert.assertEquals(Assert.java:666)
at PageObjectfiles.RegisterPageObject.username_password_validation(RegisterPageObject.java:97)
at StepDefinitions.Register_page.user_fills_details(Register_page.java:71)
at ✽."tester2","Welcome1","Welcome1" User is not able to register and alert "password cannot be a common password" is displayed(file:///C:/Manju/SDET/ElearningProject/src/test/resources/features/Register.feature:41)
]]>
    </failure>
  </testcase> <!-- runScenario -->
</testsuite> <!-- Default test -->
