-------------------------------------------------------------------------------
Test set: TestSuite
-------------------------------------------------------------------------------
Tests run: 12, Failures: 8, Errors: 0, Skipped: 0, Time elapsed: 28.91 s <<< FAILURE! -- in TestSuite
CucumberOptions.TestNgTestRunner.runScenario["User is able to register into the dsportalapp", "Register User to dsportal app"](1) -- Time elapsed: 4.326 s <<< FAILURE!
java.lang.AssertionError: expected [New Account Created. You are logged in as plavwu1234] but found [password_mismatch:The two password fields didn’t match.]
	at org.testng.Assert.fail(Assert.java:111)
	at org.testng.Assert.failNotEquals(Assert.java:1578)
	at org.testng.Assert.assertEqualsImpl(Assert.java:150)
	at org.testng.Assert.assertEquals(Assert.java:132)
	at org.testng.Assert.assertEquals(Assert.java:656)
	at org.testng.Assert.assertEquals(Assert.java:666)
	at StepDefinitions.Register_page.user_is_successfully_registered(Register_page.java:49)
	at ✽.User is successfully registered(file:///C:/Manju/SDET/ElearningProject/src/test/resources/features/Register.feature:34)

CucumberOptions.TestNgTestRunner.runScenario["User is not able to register into the dsportalapp", "Register User to dsportal app"](5) -- Time elapsed: 2.211 s <<< FAILURE!
java.lang.AssertionError: expected [Invalid User Name] but found [password_mismatch:The two password fields didn’t match.]
	at org.testng.Assert.fail(Assert.java:111)
	at org.testng.Assert.failNotEquals(Assert.java:1578)
	at org.testng.Assert.assertEqualsImpl(Assert.java:150)
	at org.testng.Assert.assertEquals(Assert.java:132)
	at org.testng.Assert.assertEquals(Assert.java:656)
	at org.testng.Assert.assertEquals(Assert.java:666)
	at PageObjectfiles.RegisterPageObject.username_password_validation(RegisterPageObject.java:97)
	at StepDefinitions.Register_page.user_fills_details(Register_page.java:71)
	at ✽."tester","Password_1","Password_1" User is not able to register and alert "Invalid User Name" is displayed(file:///C:/Manju/SDET/ElearningProject/src/test/resources/features/Register.feature:41)

CucumberOptions.TestNgTestRunner.runScenario["User is not able to register into the dsportalapp", "Register User to dsportal app"](6) -- Time elapsed: 2.132 s <<< FAILURE!
java.lang.AssertionError: expected [Invalid password] but found [password_mismatch:The two password fields didn’t match.]
	at org.testng.Assert.fail(Assert.java:111)
	at org.testng.Assert.failNotEquals(Assert.java:1578)
	at org.testng.Assert.assertEqualsImpl(Assert.java:150)
	at org.testng.Assert.assertEquals(Assert.java:132)
	at org.testng.Assert.assertEquals(Assert.java:656)
	at org.testng.Assert.assertEquals(Assert.java:666)
	at PageObjectfiles.RegisterPageObject.username_password_validation(RegisterPageObject.java:97)
	at StepDefinitions.Register_page.user_fills_details(Register_page.java:71)
	at ✽."tester2","Password","Password" User is not able to register and alert "Invalid password" is displayed(file:///C:/Manju/SDET/ElearningProject/src/test/resources/features/Register.feature:41)

CucumberOptions.TestNgTestRunner.runScenario["User is not able to register into the dsportalapp", "Register User to dsportal app"](8) -- Time elapsed: 2.099 s <<< FAILURE!
java.lang.AssertionError: expected [User already registered] but found [password_mismatch:The two password fields didn’t match.]
	at org.testng.Assert.fail(Assert.java:111)
	at org.testng.Assert.failNotEquals(Assert.java:1578)
	at org.testng.Assert.assertEqualsImpl(Assert.java:150)
	at org.testng.Assert.assertEquals(Assert.java:132)
	at org.testng.Assert.assertEquals(Assert.java:656)
	at org.testng.Assert.assertEquals(Assert.java:666)
	at PageObjectfiles.RegisterPageObject.username_password_validation(RegisterPageObject.java:97)
	at StepDefinitions.Register_page.user_fills_details(Register_page.java:71)
	at ✽."nump1234","Password_1","Welcome1" User is not able to register and alert "User already registered" is displayed(file:///C:/Manju/SDET/ElearningProject/src/test/resources/features/Register.feature:41)

CucumberOptions.TestNgTestRunner.runScenario["User is not able to register into the dsportalapp", "Register User to dsportal app"](9) -- Time elapsed: 2.081 s <<< FAILURE!
java.lang.AssertionError: expected [password should contain 8 characters] but found [password_mismatch:The two password fields didn’t match.]
	at org.testng.Assert.fail(Assert.java:111)
	at org.testng.Assert.failNotEquals(Assert.java:1578)
	at org.testng.Assert.assertEqualsImpl(Assert.java:150)
	at org.testng.Assert.assertEquals(Assert.java:132)
	at org.testng.Assert.assertEquals(Assert.java:656)
	at org.testng.Assert.assertEquals(Assert.java:666)
	at PageObjectfiles.RegisterPageObject.username_password_validation(RegisterPageObject.java:97)
	at StepDefinitions.Register_page.user_fills_details(Register_page.java:71)
	at ✽."tester2","Pass","Pass" User is not able to register and alert "password should contain 8 characters" is displayed(file:///C:/Manju/SDET/ElearningProject/src/test/resources/features/Register.feature:41)

CucumberOptions.TestNgTestRunner.runScenario["User is not able to register into the dsportalapp", "Register User to dsportal app"](10) -- Time elapsed: 2.159 s <<< FAILURE!
java.lang.AssertionError: expected [password cannot be only numbers] but found [password_mismatch:The two password fields didn’t match.]
	at org.testng.Assert.fail(Assert.java:111)
	at org.testng.Assert.failNotEquals(Assert.java:1578)
	at org.testng.Assert.assertEqualsImpl(Assert.java:150)
	at org.testng.Assert.assertEquals(Assert.java:132)
	at org.testng.Assert.assertEquals(Assert.java:656)
	at org.testng.Assert.assertEquals(Assert.java:666)
	at PageObjectfiles.RegisterPageObject.username_password_validation(RegisterPageObject.java:97)
	at StepDefinitions.Register_page.user_fills_details(Register_page.java:71)
	at ✽."tester2","1234","1234" User is not able to register and alert "password cannot be only numbers" is displayed(file:///C:/Manju/SDET/ElearningProject/src/test/resources/features/Register.feature:41)

CucumberOptions.TestNgTestRunner.runScenario["User is not able to register into the dsportalapp", "Register User to dsportal app"](11) -- Time elapsed: 2.045 s <<< FAILURE!
java.lang.AssertionError: expected [password cannot be same as user name] but found [password_mismatch:The two password fields didn’t match.]
	at org.testng.Assert.fail(Assert.java:111)
	at org.testng.Assert.failNotEquals(Assert.java:1578)
	at org.testng.Assert.assertEqualsImpl(Assert.java:150)
	at org.testng.Assert.assertEquals(Assert.java:132)
	at org.testng.Assert.assertEquals(Assert.java:656)
	at org.testng.Assert.assertEquals(Assert.java:666)
	at PageObjectfiles.RegisterPageObject.username_password_validation(RegisterPageObject.java:97)
	at StepDefinitions.Register_page.user_fills_details(Register_page.java:71)
	at ✽."tester2","tester2","tester2" User is not able to register and alert "password cannot be same as user name" is displayed(file:///C:/Manju/SDET/ElearningProject/src/test/resources/features/Register.feature:41)

CucumberOptions.TestNgTestRunner.runScenario["User is not able to register into the dsportalapp", "Register User to dsportal app"](12) -- Time elapsed: 2.123 s <<< FAILURE!
java.lang.AssertionError: expected [password cannot be a common password] but found [password_mismatch:The two password fields didn’t match.]
	at org.testng.Assert.fail(Assert.java:111)
	at org.testng.Assert.failNotEquals(Assert.java:1578)
	at org.testng.Assert.assertEqualsImpl(Assert.java:150)
	at org.testng.Assert.assertEquals(Assert.java:132)
	at org.testng.Assert.assertEquals(Assert.java:656)
	at org.testng.Assert.assertEquals(Assert.java:666)
	at PageObjectfiles.RegisterPageObject.username_password_validation(RegisterPageObject.java:97)
	at StepDefinitions.Register_page.user_fills_details(Register_page.java:71)
	at ✽."tester2","Welcome1","Welcome1" User is not able to register and alert "password cannot be a common password" is displayed(file:///C:/Manju/SDET/ElearningProject/src/test/resources/features/Register.feature:41)

